Using pre-set license

 COMMAND LINE ARGUMENTS:
/Applications/Unity/Hub/Editor/2020.3.10f1/Unity.app/Contents/MacOS/Unity
-adb2
-batchMode
-noUpm
-name
AssetImportWorker0
-projectPath
/Applications/stuff/Documents/NewOtherGithub/WickonHightech/WickonHightech/UnityInterfaceConcept
-logFile
Logs/AssetImportWorker0.log
-srvPort
63176
Successfully changed project path to: /Applications/stuff/Documents/NewOtherGithub/WickonHightech/WickonHightech/UnityInterfaceConcept
/Applications/stuff/Documents/NewOtherGithub/WickonHightech/WickonHightech/UnityInterfaceConcept
Using Asset Import Pipeline V2.
Refreshing native plugins compatible for Editor in 29.82 ms, found 2 plugins.
Preloading 0 native plugins for Editor in 0.00 ms.
Initialize engine version: 2020.3.10f1 (297d780c91bc)
[Subsystems] Discovering subsystems at path /Applications/Unity/Hub/Editor/2020.3.10f1/Unity.app/Contents/Resources/UnitySubsystems
[Subsystems] Discovering subsystems at path /Applications/stuff/Documents/NewOtherGithub/WickonHightech/WickonHightech/UnityInterfaceConcept/Assets
GfxDevice: creating device client; threaded=0
2021-06-02 14:29:44.959 Unity[36593:9174648] iMac preferred device: AMD Radeon Pro 580X (high power)
2021-06-02 14:29:44.959 Unity[36593:9174648] Metal devices available: 1
2021-06-02 14:29:44.959 Unity[36593:9174648] 0: AMD Radeon Pro 580X (high power)
2021-06-02 14:29:44.959 Unity[36593:9174648] Using device AMD Radeon Pro 580X (high power)
Initializing Metal device caps: AMD Radeon Pro 580X
Initialize mono
Mono path[0] = '/Applications/Unity/Hub/Editor/2020.3.10f1/Unity.app/Contents/Managed'
Mono path[1] = '/Applications/Unity/Hub/Editor/2020.3.10f1/Unity.app/Contents/MonoBleedingEdge/lib/mono/unityjit'
Mono config path = '/Applications/Unity/Hub/Editor/2020.3.10f1/Unity.app/Contents/MonoBleedingEdge/etc'
Using monoOptions --debugger-agent=transport=dt_socket,embedding=1,server=y,suspend=n,address=127.0.0.1:56593
Begin MonoManager ReloadAssembly
Registering precompiled unity dll's ...
Register platform support module: /Applications/Unity/Hub/Editor/2020.3.10f1/PlaybackEngines/WebGLSupport/UnityEditor.WebGL.Extensions.dll
Register platform support module: /Applications/Unity/Hub/Editor/2020.3.10f1/Unity.app/Contents/PlaybackEngines/MacStandaloneSupport/UnityEditor.OSXStandalone.Extensions.dll
Register platform support module: /Applications/Unity/Hub/Editor/2020.3.10f1/PlaybackEngines/WindowsStandaloneSupport/UnityEditor.WindowsStandalone.Extensions.dll
Registered in 0.004843 seconds.
Native extension for WindowsStandalone target not found
Native extension for OSXStandalone target not found
Native extension for WebGL target not found
Refreshing native plugins compatible for Editor in 24.43 ms, found 2 plugins.
Preloading 0 native plugins for Editor in 0.00 ms.
Mono: successfully reloaded assembly
- Completed reload, in  2.560 seconds
Platform modules already initialized, skipping
Registering precompiled user dll's ...
Registered in 0.006211 seconds.
Begin MonoManager ReloadAssembly
Native extension for WindowsStandalone target not found
Native extension for OSXStandalone target not found
Native extension for WebGL target not found
Refreshing native plugins compatible for Editor in 0.32 ms, found 2 plugins.
Preloading 0 native plugins for Editor in 0.00 ms.
Mono: successfully reloaded assembly
- Completed reload, in  1.024 seconds
Platform modules already initialized, skipping
========================================================================
Worker process is ready to serve import requests
Launching external process: /Applications/Unity/Hub/Editor/2020.3.10f1/Unity.app/Contents/Tools/UnityShaderCompiler
Launched and connected shader compiler UnityShaderCompiler after 0.01 seconds
Refreshing native plugins compatible for Editor in 0.32 ms, found 2 plugins.
Preloading 0 native plugins for Editor in 0.00 ms.
Unloading 1601 Unused Serialized files (Serialized files now loaded: 0)
System memory in use before: 158.0 MB.
System memory in use after: 158.1 MB.

Unloading 20 unused Assets to reduce memory usage. Loaded Objects now: 2037.
Total: 1.778803 ms (FindLiveObjects: 0.207873 ms CreateObjectMapping: 0.057359 ms MarkObjects: 1.457452 ms  DeleteObjects: 0.055502 ms)

========================================================================
Received Import Request.
  path: Assets/Scenes/PlaceScene.unity
  artifactKey: Guid(c54eb5fad669f42e885c2ef2e179d137) Importer(815301076,1909f56bfc062723c751e8b465ee728b)
Start importing Assets/Scenes/PlaceScene.unity using Guid(c54eb5fad669f42e885c2ef2e179d137) Importer(815301076,1909f56bfc062723c751e8b465ee728b)  -> (artifact id: 'bb2df78d05c453793d5e88916b290790') in 0.012751 seconds
  Import took 0.015651 seconds .

========================================================================
Received Prepare
Registering precompiled user dll's ...
Registered in 0.004670 seconds.
Begin MonoManager ReloadAssembly
Native extension for WindowsStandalone target not found
Native extension for OSXStandalone target not found
Native extension for WebGL target not found
Refreshing native plugins compatible for Editor in 0.32 ms, found 2 plugins.
Preloading 0 native plugins for Editor in 0.00 ms.
Mono: successfully reloaded assembly
- Completed reload, in  1.175 seconds
Platform modules already initialized, skipping
Refreshing native plugins compatible for Editor in 0.33 ms, found 2 plugins.
Preloading 0 native plugins for Editor in 0.00 ms.
Unloading 1554 Unused Serialized files (Serialized files now loaded: 0)
System memory in use before: 153.9 MB.
System memory in use after: 154.0 MB.

Unloading 15 unused Assets to reduce memory usage. Loaded Objects now: 2040.
Total: 1.648682 ms (FindLiveObjects: 0.203030 ms CreateObjectMapping: 0.048414 ms MarkObjects: 1.380154 ms  DeleteObjects: 0.016402 ms)

